{"C:\\www\\Optimización de Proyectos con IA\\backend\\server.js": {"path":"C:\\www\\Optimización de Proyectos con IA\\backend\\server.js","statementMap":{"0":{"start":{"line":1,"column":16},"end":{"line":1,"column":34}},"1":{"start":{"line":2,"column":15},"end":{"line":2,"column":32}},"2":{"start":{"line":3,"column":18},"end":{"line":3,"column":40}},"3":{"start":{"line":4,"column":18},"end":{"line":4,"column":47}},"4":{"start":{"line":5,"column":19},"end":{"line":5,"column":49}},"5":{"start":{"line":7,"column":0},"end":{"line":7,"column":34}},"6":{"start":{"line":9,"column":12},"end":{"line":9,"column":21}},"7":{"start":{"line":11,"column":0},"end":{"line":11,"column":24}},"8":{"start":{"line":13,"column":0},"end":{"line":15,"column":3}},"9":{"start":{"line":14,"column":2},"end":{"line":14,"column":64}},"10":{"start":{"line":17,"column":0},"end":{"line":17,"column":31}},"11":{"start":{"line":18,"column":0},"end":{"line":18,"column":34}},"12":{"start":{"line":19,"column":22},"end":{"line":19,"column":55}},"13":{"start":{"line":20,"column":27},"end":{"line":20,"column":65}},"14":{"start":{"line":22,"column":0},"end":{"line":22,"column":40}},"15":{"start":{"line":23,"column":0},"end":{"line":23,"column":45}},"16":{"start":{"line":25,"column":35},"end":{"line":25,"column":74}},"17":{"start":{"line":27,"column":0},"end":{"line":27,"column":18}},"18":{"start":{"line":28,"column":0},"end":{"line":28,"column":22}},"19":{"start":{"line":30,"column":0},"end":{"line":36,"column":1}},"20":{"start":{"line":31,"column":2},"end":{"line":31,"column":14}},"21":{"start":{"line":32,"column":15},"end":{"line":32,"column":39}},"22":{"start":{"line":33,"column":2},"end":{"line":35,"column":5}},"23":{"start":{"line":34,"column":4},"end":{"line":34,"column":50}},"24":{"start":{"line":38,"column":0},"end":{"line":38,"column":21}}},"fnMap":{"0":{"name":"(anonymous_0)","decl":{"start":{"line":13,"column":13},"end":{"line":13,"column":14}},"loc":{"start":{"line":13,"column":27},"end":{"line":15,"column":1}},"line":13},"1":{"name":"(anonymous_1)","decl":{"start":{"line":33,"column":19},"end":{"line":33,"column":20}},"loc":{"start":{"line":33,"column":25},"end":{"line":35,"column":3}},"line":33}},"branchMap":{"0":{"loc":{"start":{"line":30,"column":0},"end":{"line":36,"column":1}},"type":"if","locations":[{"start":{"line":30,"column":0},"end":{"line":36,"column":1}},{"start":{},"end":{}}],"line":30},"1":{"loc":{"start":{"line":32,"column":15},"end":{"line":32,"column":39}},"type":"binary-expr","locations":[{"start":{"line":32,"column":15},"end":{"line":32,"column":31}},{"start":{"line":32,"column":35},"end":{"line":32,"column":39}}],"line":32}},"s":{"0":2,"1":2,"2":2,"3":2,"4":2,"5":2,"6":2,"7":2,"8":2,"9":1,"10":2,"11":2,"12":2,"13":2,"14":2,"15":2,"16":2,"17":2,"18":2,"19":2,"20":0,"21":0,"22":0,"23":0,"24":2},"f":{"0":1,"1":0},"b":{"0":[0,2],"1":[0,0]},"_coverageSchema":"1a1c01bbd47fc00a2c39e90264f33305004495a9","hash":"ab4a22753eca900ea05d30c4fb3d981989b4fc65"}
,"C:\\www\\Optimización de Proyectos con IA\\backend\\config\\db.js": {"path":"C:\\www\\Optimización de Proyectos con IA\\backend\\config\\db.js","statementMap":{"0":{"start":{"line":1,"column":17},"end":{"line":1,"column":36}},"1":{"start":{"line":3,"column":18},"end":{"line":15,"column":1}},"2":{"start":{"line":4,"column":2},"end":{"line":14,"column":3}},"3":{"start":{"line":5,"column":17},"end":{"line":9,"column":6}},"4":{"start":{"line":10,"column":4},"end":{"line":10,"column":62}},"5":{"start":{"line":12,"column":4},"end":{"line":12,"column":45}},"6":{"start":{"line":17,"column":0},"end":{"line":17,"column":27}}},"fnMap":{"0":{"name":"(anonymous_0)","decl":{"start":{"line":3,"column":18},"end":{"line":3,"column":19}},"loc":{"start":{"line":3,"column":30},"end":{"line":15,"column":1}},"line":3}},"branchMap":{},"s":{"0":2,"1":2,"2":0,"3":0,"4":0,"5":0,"6":2},"f":{"0":0},"b":{},"_coverageSchema":"1a1c01bbd47fc00a2c39e90264f33305004495a9","hash":"02c8b5d9ce0f36d4b8e6316b723f1a65a04ea6e5"}
,"C:\\www\\Optimización de Proyectos con IA\\backend\\controllers\\authController.js": {"path":"C:\\www\\Optimización de Proyectos con IA\\backend\\controllers\\authController.js","statementMap":{"0":{"start":{"line":1,"column":21},"end":{"line":1,"column":53}},"1":{"start":{"line":2,"column":22},"end":{"line":2,"column":53}},"2":{"start":{"line":3,"column":13},"end":{"line":3,"column":43}},"3":{"start":{"line":8,"column":17},"end":{"line":24,"column":2}},"4":{"start":{"line":9,"column":30},"end":{"line":9,"column":38}},"5":{"start":{"line":11,"column":15},"end":{"line":11,"column":44}},"6":{"start":{"line":13,"column":2},"end":{"line":23,"column":3}},"7":{"start":{"line":14,"column":4},"end":{"line":19,"column":7}},"8":{"start":{"line":21,"column":4},"end":{"line":21,"column":20}},"9":{"start":{"line":22,"column":4},"end":{"line":22,"column":49}},"10":{"start":{"line":29,"column":21},"end":{"line":56,"column":2}},"11":{"start":{"line":30,"column":36},"end":{"line":30,"column":44}},"12":{"start":{"line":32,"column":21},"end":{"line":32,"column":50}},"13":{"start":{"line":34,"column":2},"end":{"line":37,"column":3}},"14":{"start":{"line":35,"column":4},"end":{"line":35,"column":20}},"15":{"start":{"line":36,"column":4},"end":{"line":36,"column":43}},"16":{"start":{"line":39,"column":15},"end":{"line":43,"column":4}},"17":{"start":{"line":45,"column":2},"end":{"line":55,"column":3}},"18":{"start":{"line":46,"column":4},"end":{"line":51,"column":7}},"19":{"start":{"line":53,"column":4},"end":{"line":53,"column":20}},"20":{"start":{"line":54,"column":4},"end":{"line":54,"column":41}},"21":{"start":{"line":58,"column":0},"end":{"line":58,"column":44}}},"fnMap":{"0":{"name":"(anonymous_0)","decl":{"start":{"line":8,"column":30},"end":{"line":8,"column":31}},"loc":{"start":{"line":8,"column":50},"end":{"line":24,"column":1}},"line":8},"1":{"name":"(anonymous_1)","decl":{"start":{"line":29,"column":34},"end":{"line":29,"column":35}},"loc":{"start":{"line":29,"column":54},"end":{"line":56,"column":1}},"line":29}},"branchMap":{"0":{"loc":{"start":{"line":13,"column":2},"end":{"line":23,"column":3}},"type":"if","locations":[{"start":{"line":13,"column":2},"end":{"line":23,"column":3}},{"start":{"line":20,"column":9},"end":{"line":23,"column":3}}],"line":13},"1":{"loc":{"start":{"line":13,"column":6},"end":{"line":13,"column":50}},"type":"binary-expr","locations":[{"start":{"line":13,"column":6},"end":{"line":13,"column":10}},{"start":{"line":13,"column":15},"end":{"line":13,"column":49}}],"line":13},"2":{"loc":{"start":{"line":34,"column":2},"end":{"line":37,"column":3}},"type":"if","locations":[{"start":{"line":34,"column":2},"end":{"line":37,"column":3}},{"start":{},"end":{}}],"line":34},"3":{"loc":{"start":{"line":45,"column":2},"end":{"line":55,"column":3}},"type":"if","locations":[{"start":{"line":45,"column":2},"end":{"line":55,"column":3}},{"start":{"line":52,"column":9},"end":{"line":55,"column":3}}],"line":45}},"s":{"0":3,"1":3,"2":3,"3":3,"4":3,"5":3,"6":3,"7":1,"8":2,"9":2,"10":3,"11":3,"12":3,"13":3,"14":1,"15":1,"16":2,"17":2,"18":1,"19":1,"20":1,"21":3},"f":{"0":3,"1":3},"b":{"0":[1,2],"1":[3,2],"2":[1,2],"3":[1,1]},"_coverageSchema":"1a1c01bbd47fc00a2c39e90264f33305004495a9","hash":"c3c375562ff687f06feacca4c83148d251b50037"}
,"C:\\www\\Optimización de Proyectos con IA\\backend\\controllers\\llmGatewayController.js": {"path":"C:\\www\\Optimización de Proyectos con IA\\backend\\controllers\\llmGatewayController.js","statementMap":{"0":{"start":{"line":1,"column":21},"end":{"line":1,"column":53}},"1":{"start":{"line":2,"column":40},"end":{"line":2,"column":75}},"2":{"start":{"line":7,"column":26},"end":{"line":37,"column":2}},"3":{"start":{"line":8,"column":37},"end":{"line":8,"column":45}},"4":{"start":{"line":12,"column":2},"end":{"line":36,"column":3}},"5":{"start":{"line":13,"column":4},"end":{"line":26,"column":5}},"6":{"start":{"line":15,"column":8},"end":{"line":15,"column":56}},"7":{"start":{"line":16,"column":8},"end":{"line":16,"column":14}},"8":{"start":{"line":18,"column":8},"end":{"line":18,"column":59}},"9":{"start":{"line":19,"column":8},"end":{"line":19,"column":14}},"10":{"start":{"line":21,"column":8},"end":{"line":21,"column":58}},"11":{"start":{"line":22,"column":8},"end":{"line":22,"column":14}},"12":{"start":{"line":24,"column":8},"end":{"line":24,"column":24}},"13":{"start":{"line":25,"column":8},"end":{"line":25,"column":54}},"14":{"start":{"line":28,"column":4},"end":{"line":31,"column":7}},"15":{"start":{"line":33,"column":4},"end":{"line":33,"column":50}},"16":{"start":{"line":34,"column":4},"end":{"line":34,"column":20}},"17":{"start":{"line":35,"column":4},"end":{"line":35,"column":58}},"18":{"start":{"line":39,"column":0},"end":{"line":39,"column":39}}},"fnMap":{"0":{"name":"(anonymous_0)","decl":{"start":{"line":7,"column":39},"end":{"line":7,"column":40}},"loc":{"start":{"line":7,"column":59},"end":{"line":37,"column":1}},"line":7}},"branchMap":{"0":{"loc":{"start":{"line":13,"column":4},"end":{"line":26,"column":5}},"type":"switch","locations":[{"start":{"line":14,"column":6},"end":{"line":16,"column":14}},{"start":{"line":17,"column":6},"end":{"line":19,"column":14}},{"start":{"line":20,"column":6},"end":{"line":22,"column":14}},{"start":{"line":23,"column":6},"end":{"line":25,"column":54}}],"line":13}},"s":{"0":2,"1":2,"2":2,"3":0,"4":0,"5":0,"6":0,"7":0,"8":0,"9":0,"10":0,"11":0,"12":0,"13":0,"14":0,"15":0,"16":0,"17":0,"18":2},"f":{"0":0},"b":{"0":[0,0,0,0]},"_coverageSchema":"1a1c01bbd47fc00a2c39e90264f33305004495a9","hash":"5d11e52ef069ca64f4fa204f2874e19f051e70b2"}
,"C:\\www\\Optimización de Proyectos con IA\\backend\\controllers\\optimizationController.js": {"path":"C:\\www\\Optimización de Proyectos con IA\\backend\\controllers\\optimizationController.js","statementMap":{"0":{"start":{"line":1,"column":21},"end":{"line":1,"column":53}},"1":{"start":{"line":2,"column":28},"end":{"line":2,"column":70}},"2":{"start":{"line":7,"column":26},"end":{"line":23,"column":2}},"3":{"start":{"line":8,"column":21},"end":{"line":8,"column":29}},"4":{"start":{"line":9,"column":17},"end":{"line":9,"column":50}},"5":{"start":{"line":11,"column":2},"end":{"line":14,"column":3}},"6":{"start":{"line":12,"column":4},"end":{"line":12,"column":20}},"7":{"start":{"line":13,"column":4},"end":{"line":13,"column":64}},"8":{"start":{"line":16,"column":17},"end":{"line":16,"column":71}},"9":{"start":{"line":18,"column":2},"end":{"line":22,"column":5}},"10":{"start":{"line":25,"column":0},"end":{"line":25,"column":39}}},"fnMap":{"0":{"name":"(anonymous_0)","decl":{"start":{"line":7,"column":39},"end":{"line":7,"column":40}},"loc":{"start":{"line":7,"column":59},"end":{"line":23,"column":1}},"line":7}},"branchMap":{"0":{"loc":{"start":{"line":9,"column":17},"end":{"line":9,"column":50}},"type":"cond-expr","locations":[{"start":{"line":9,"column":28},"end":{"line":9,"column":40}},{"start":{"line":9,"column":43},"end":{"line":9,"column":50}}],"line":9},"1":{"loc":{"start":{"line":11,"column":2},"end":{"line":14,"column":3}},"type":"if","locations":[{"start":{"line":11,"column":2},"end":{"line":14,"column":3}},{"start":{},"end":{}}],"line":11}},"s":{"0":2,"1":2,"2":2,"3":0,"4":0,"5":0,"6":0,"7":0,"8":0,"9":0,"10":2},"f":{"0":0},"b":{"0":[0,0],"1":[0,0]},"_coverageSchema":"1a1c01bbd47fc00a2c39e90264f33305004495a9","hash":"26026acff9af7d61fc7f50dc208974e4942308c5"}
,"C:\\www\\Optimización de Proyectos con IA\\backend\\controllers\\projectController.js": {"path":"C:\\www\\Optimización de Proyectos con IA\\backend\\controllers\\projectController.js","statementMap":{"0":{"start":{"line":1,"column":21},"end":{"line":1,"column":53}},"1":{"start":{"line":2,"column":16},"end":{"line":2,"column":49}},"2":{"start":{"line":7,"column":22},"end":{"line":23,"column":2}},"3":{"start":{"line":8,"column":40},"end":{"line":8,"column":48}},"4":{"start":{"line":10,"column":2},"end":{"line":13,"column":3}},"5":{"start":{"line":11,"column":4},"end":{"line":11,"column":20}},"6":{"start":{"line":12,"column":4},"end":{"line":12,"column":47}},"7":{"start":{"line":15,"column":18},"end":{"line":20,"column":4}},"8":{"start":{"line":22,"column":2},"end":{"line":22,"column":32}},"9":{"start":{"line":28,"column":20},"end":{"line":31,"column":2}},"10":{"start":{"line":29,"column":19},"end":{"line":29,"column":61}},"11":{"start":{"line":30,"column":2},"end":{"line":30,"column":21}},"12":{"start":{"line":36,"column":23},"end":{"line":45,"column":2}},"13":{"start":{"line":37,"column":18},"end":{"line":37,"column":55}},"14":{"start":{"line":39,"column":2},"end":{"line":44,"column":3}},"15":{"start":{"line":40,"column":4},"end":{"line":40,"column":22}},"16":{"start":{"line":42,"column":4},"end":{"line":42,"column":20}},"17":{"start":{"line":43,"column":4},"end":{"line":43,"column":59}},"18":{"start":{"line":50,"column":22},"end":{"line":66,"column":2}},"19":{"start":{"line":51,"column":40},"end":{"line":51,"column":48}},"20":{"start":{"line":53,"column":18},"end":{"line":53,"column":55}},"21":{"start":{"line":55,"column":2},"end":{"line":65,"column":3}},"22":{"start":{"line":56,"column":4},"end":{"line":56,"column":40}},"23":{"start":{"line":57,"column":4},"end":{"line":57,"column":61}},"24":{"start":{"line":58,"column":4},"end":{"line":58,"column":46}},"25":{"start":{"line":60,"column":27},"end":{"line":60,"column":47}},"26":{"start":{"line":61,"column":4},"end":{"line":61,"column":29}},"27":{"start":{"line":63,"column":4},"end":{"line":63,"column":20}},"28":{"start":{"line":64,"column":4},"end":{"line":64,"column":59}},"29":{"start":{"line":71,"column":22},"end":{"line":81,"column":2}},"30":{"start":{"line":72,"column":18},"end":{"line":72,"column":55}},"31":{"start":{"line":74,"column":2},"end":{"line":80,"column":3}},"32":{"start":{"line":75,"column":4},"end":{"line":75,"column":30}},"33":{"start":{"line":76,"column":4},"end":{"line":76,"column":45}},"34":{"start":{"line":78,"column":4},"end":{"line":78,"column":20}},"35":{"start":{"line":79,"column":4},"end":{"line":79,"column":59}},"36":{"start":{"line":83,"column":0},"end":{"line":89,"column":2}}},"fnMap":{"0":{"name":"(anonymous_0)","decl":{"start":{"line":7,"column":35},"end":{"line":7,"column":36}},"loc":{"start":{"line":7,"column":55},"end":{"line":23,"column":1}},"line":7},"1":{"name":"(anonymous_1)","decl":{"start":{"line":28,"column":33},"end":{"line":28,"column":34}},"loc":{"start":{"line":28,"column":53},"end":{"line":31,"column":1}},"line":28},"2":{"name":"(anonymous_2)","decl":{"start":{"line":36,"column":36},"end":{"line":36,"column":37}},"loc":{"start":{"line":36,"column":56},"end":{"line":45,"column":1}},"line":36},"3":{"name":"(anonymous_3)","decl":{"start":{"line":50,"column":35},"end":{"line":50,"column":36}},"loc":{"start":{"line":50,"column":55},"end":{"line":66,"column":1}},"line":50},"4":{"name":"(anonymous_4)","decl":{"start":{"line":71,"column":35},"end":{"line":71,"column":36}},"loc":{"start":{"line":71,"column":55},"end":{"line":81,"column":1}},"line":71}},"branchMap":{"0":{"loc":{"start":{"line":10,"column":2},"end":{"line":13,"column":3}},"type":"if","locations":[{"start":{"line":10,"column":2},"end":{"line":13,"column":3}},{"start":{},"end":{}}],"line":10},"1":{"loc":{"start":{"line":10,"column":6},"end":{"line":10,"column":27}},"type":"binary-expr","locations":[{"start":{"line":10,"column":6},"end":{"line":10,"column":11}},{"start":{"line":10,"column":15},"end":{"line":10,"column":27}}],"line":10},"2":{"loc":{"start":{"line":39,"column":2},"end":{"line":44,"column":3}},"type":"if","locations":[{"start":{"line":39,"column":2},"end":{"line":44,"column":3}},{"start":{"line":41,"column":9},"end":{"line":44,"column":3}}],"line":39},"3":{"loc":{"start":{"line":39,"column":6},"end":{"line":39,"column":68}},"type":"binary-expr","locations":[{"start":{"line":39,"column":6},"end":{"line":39,"column":13}},{"start":{"line":39,"column":17},"end":{"line":39,"column":68}}],"line":39},"4":{"loc":{"start":{"line":55,"column":2},"end":{"line":65,"column":3}},"type":"if","locations":[{"start":{"line":55,"column":2},"end":{"line":65,"column":3}},{"start":{"line":62,"column":9},"end":{"line":65,"column":3}}],"line":55},"5":{"loc":{"start":{"line":55,"column":6},"end":{"line":55,"column":68}},"type":"binary-expr","locations":[{"start":{"line":55,"column":6},"end":{"line":55,"column":13}},{"start":{"line":55,"column":17},"end":{"line":55,"column":68}}],"line":55},"6":{"loc":{"start":{"line":56,"column":19},"end":{"line":56,"column":39}},"type":"binary-expr","locations":[{"start":{"line":56,"column":19},"end":{"line":56,"column":23}},{"start":{"line":56,"column":27},"end":{"line":56,"column":39}}],"line":56},"7":{"loc":{"start":{"line":57,"column":26},"end":{"line":57,"column":60}},"type":"binary-expr","locations":[{"start":{"line":57,"column":26},"end":{"line":57,"column":37}},{"start":{"line":57,"column":41},"end":{"line":57,"column":60}}],"line":57},"8":{"loc":{"start":{"line":58,"column":21},"end":{"line":58,"column":45}},"type":"binary-expr","locations":[{"start":{"line":58,"column":21},"end":{"line":58,"column":27}},{"start":{"line":58,"column":31},"end":{"line":58,"column":45}}],"line":58},"9":{"loc":{"start":{"line":74,"column":2},"end":{"line":80,"column":3}},"type":"if","locations":[{"start":{"line":74,"column":2},"end":{"line":80,"column":3}},{"start":{"line":77,"column":9},"end":{"line":80,"column":3}}],"line":74},"10":{"loc":{"start":{"line":74,"column":6},"end":{"line":74,"column":68}},"type":"binary-expr","locations":[{"start":{"line":74,"column":6},"end":{"line":74,"column":13}},{"start":{"line":74,"column":17},"end":{"line":74,"column":68}}],"line":74}},"s":{"0":3,"1":3,"2":3,"3":2,"4":2,"5":1,"6":1,"7":1,"8":1,"9":3,"10":1,"11":1,"12":3,"13":3,"14":3,"15":1,"16":2,"17":2,"18":3,"19":2,"20":2,"21":2,"22":1,"23":1,"24":1,"25":1,"26":1,"27":1,"28":1,"29":3,"30":2,"31":2,"32":1,"33":1,"34":1,"35":1,"36":3},"f":{"0":2,"1":1,"2":3,"3":2,"4":2},"b":{"0":[1,1],"1":[2,2],"2":[1,2],"3":[3,2],"4":[1,1],"5":[2,1],"6":[1,0],"7":[1,0],"8":[1,0],"9":[1,1],"10":[2,1]},"_coverageSchema":"1a1c01bbd47fc00a2c39e90264f33305004495a9","hash":"499451bf7bb881ae7c59ca0eaeac57cfe013b409"}
,"C:\\www\\Optimización de Proyectos con IA\\backend\\middleware\\authMiddleware.js": {"path":"C:\\www\\Optimización de Proyectos con IA\\backend\\middleware\\authMiddleware.js","statementMap":{"0":{"start":{"line":1,"column":12},"end":{"line":1,"column":35}},"1":{"start":{"line":2,"column":21},"end":{"line":2,"column":53}},"2":{"start":{"line":3,"column":13},"end":{"line":3,"column":43}},"3":{"start":{"line":5,"column":16},"end":{"line":34,"column":2}},"4":{"start":{"line":8,"column":2},"end":{"line":28,"column":3}},"5":{"start":{"line":12,"column":4},"end":{"line":27,"column":5}},"6":{"start":{"line":14,"column":6},"end":{"line":14,"column":54}},"7":{"start":{"line":17,"column":22},"end":{"line":17,"column":63}},"8":{"start":{"line":20,"column":6},"end":{"line":20,"column":69}},"9":{"start":{"line":22,"column":6},"end":{"line":22,"column":13}},"10":{"start":{"line":24,"column":6},"end":{"line":24,"column":27}},"11":{"start":{"line":25,"column":6},"end":{"line":25,"column":22}},"12":{"start":{"line":26,"column":6},"end":{"line":26,"column":54}},"13":{"start":{"line":30,"column":2},"end":{"line":33,"column":3}},"14":{"start":{"line":31,"column":4},"end":{"line":31,"column":20}},"15":{"start":{"line":32,"column":4},"end":{"line":32,"column":48}},"16":{"start":{"line":36,"column":0},"end":{"line":36,"column":29}}},"fnMap":{"0":{"name":"(anonymous_0)","decl":{"start":{"line":5,"column":29},"end":{"line":5,"column":30}},"loc":{"start":{"line":5,"column":55},"end":{"line":34,"column":1}},"line":5}},"branchMap":{"0":{"loc":{"start":{"line":8,"column":2},"end":{"line":28,"column":3}},"type":"if","locations":[{"start":{"line":8,"column":2},"end":{"line":28,"column":3}},{"start":{},"end":{}}],"line":8},"1":{"loc":{"start":{"line":9,"column":4},"end":{"line":10,"column":50}},"type":"binary-expr","locations":[{"start":{"line":9,"column":4},"end":{"line":9,"column":29}},{"start":{"line":10,"column":4},"end":{"line":10,"column":50}}],"line":9},"2":{"loc":{"start":{"line":30,"column":2},"end":{"line":33,"column":3}},"type":"if","locations":[{"start":{"line":30,"column":2},"end":{"line":33,"column":3}},{"start":{},"end":{}}],"line":30}},"s":{"0":2,"1":2,"2":2,"3":2,"4":0,"5":0,"6":0,"7":0,"8":0,"9":0,"10":0,"11":0,"12":0,"13":0,"14":0,"15":0,"16":2},"f":{"0":0},"b":{"0":[0,0],"1":[0,0],"2":[0,0]},"_coverageSchema":"1a1c01bbd47fc00a2c39e90264f33305004495a9","hash":"16bb778986f75f094d02ef135ff46489c869888c"}
,"C:\\www\\Optimización de Proyectos con IA\\backend\\middleware\\errorMiddleware.js": {"path":"C:\\www\\Optimización de Proyectos con IA\\backend\\middleware\\errorMiddleware.js","statementMap":{"0":{"start":{"line":1,"column":17},"end":{"line":5,"column":1}},"1":{"start":{"line":2,"column":16},"end":{"line":2,"column":59}},"2":{"start":{"line":3,"column":2},"end":{"line":3,"column":18}},"3":{"start":{"line":4,"column":2},"end":{"line":4,"column":14}},"4":{"start":{"line":7,"column":21},"end":{"line":21,"column":1}},"5":{"start":{"line":8,"column":19},"end":{"line":8,"column":64}},"6":{"start":{"line":9,"column":16},"end":{"line":9,"column":27}},"7":{"start":{"line":12,"column":2},"end":{"line":15,"column":3}},"8":{"start":{"line":13,"column":4},"end":{"line":13,"column":21}},"9":{"start":{"line":14,"column":4},"end":{"line":14,"column":35}},"10":{"start":{"line":17,"column":2},"end":{"line":20,"column":5}},"11":{"start":{"line":23,"column":0},"end":{"line":23,"column":44}}},"fnMap":{"0":{"name":"(anonymous_0)","decl":{"start":{"line":1,"column":17},"end":{"line":1,"column":18}},"loc":{"start":{"line":1,"column":37},"end":{"line":5,"column":1}},"line":1},"1":{"name":"(anonymous_1)","decl":{"start":{"line":7,"column":21},"end":{"line":7,"column":22}},"loc":{"start":{"line":7,"column":46},"end":{"line":21,"column":1}},"line":7}},"branchMap":{"0":{"loc":{"start":{"line":8,"column":19},"end":{"line":8,"column":64}},"type":"cond-expr","locations":[{"start":{"line":8,"column":44},"end":{"line":8,"column":47}},{"start":{"line":8,"column":50},"end":{"line":8,"column":64}}],"line":8},"1":{"loc":{"start":{"line":12,"column":2},"end":{"line":15,"column":3}},"type":"if","locations":[{"start":{"line":12,"column":2},"end":{"line":15,"column":3}},{"start":{},"end":{}}],"line":12},"2":{"loc":{"start":{"line":12,"column":6},"end":{"line":12,"column":57}},"type":"binary-expr","locations":[{"start":{"line":12,"column":6},"end":{"line":12,"column":30}},{"start":{"line":12,"column":34},"end":{"line":12,"column":57}}],"line":12},"3":{"loc":{"start":{"line":19,"column":11},"end":{"line":19,"column":67}},"type":"cond-expr","locations":[{"start":{"line":19,"column":51},"end":{"line":19,"column":55}},{"start":{"line":19,"column":58},"end":{"line":19,"column":67}}],"line":19}},"s":{"0":2,"1":0,"2":0,"3":0,"4":2,"5":0,"6":0,"7":0,"8":0,"9":0,"10":0,"11":2},"f":{"0":0,"1":0},"b":{"0":[0,0],"1":[0,0],"2":[0,0],"3":[0,0]},"_coverageSchema":"1a1c01bbd47fc00a2c39e90264f33305004495a9","hash":"3cd51c470067062beb2d1b4210d4cdbbde7a485b"}
,"C:\\www\\Optimización de Proyectos con IA\\backend\\models\\projectModel.js": {"path":"C:\\www\\Optimización de Proyectos con IA\\backend\\models\\projectModel.js","statementMap":{"0":{"start":{"line":1,"column":17},"end":{"line":1,"column":36}},"1":{"start":{"line":3,"column":22},"end":{"line":28,"column":1}},"2":{"start":{"line":30,"column":16},"end":{"line":30,"column":56}},"3":{"start":{"line":32,"column":0},"end":{"line":32,"column":25}}},"fnMap":{},"branchMap":{},"s":{"0":3,"1":3,"2":3,"3":3},"f":{},"b":{},"_coverageSchema":"1a1c01bbd47fc00a2c39e90264f33305004495a9","hash":"ca8b7b46eeca74daf5a69b4833c088d063f39d47"}
,"C:\\www\\Optimización de Proyectos con IA\\backend\\models\\userModel.js": {"path":"C:\\www\\Optimización de Proyectos con IA\\backend\\models\\userModel.js","statementMap":{"0":{"start":{"line":1,"column":17},"end":{"line":1,"column":36}},"1":{"start":{"line":2,"column":15},"end":{"line":2,"column":34}},"2":{"start":{"line":4,"column":19},"end":{"line":23,"column":1}},"3":{"start":{"line":26,"column":0},"end":{"line":32,"column":3}},"4":{"start":{"line":27,"column":2},"end":{"line":29,"column":3}},"5":{"start":{"line":28,"column":4},"end":{"line":28,"column":11}},"6":{"start":{"line":30,"column":15},"end":{"line":30,"column":39}},"7":{"start":{"line":31,"column":2},"end":{"line":31,"column":57}},"8":{"start":{"line":35,"column":0},"end":{"line":37,"column":2}},"9":{"start":{"line":36,"column":2},"end":{"line":36,"column":62}},"10":{"start":{"line":39,"column":13},"end":{"line":39,"column":47}},"11":{"start":{"line":41,"column":0},"end":{"line":41,"column":22}}},"fnMap":{"0":{"name":"(anonymous_0)","decl":{"start":{"line":26,"column":23},"end":{"line":26,"column":24}},"loc":{"start":{"line":26,"column":45},"end":{"line":32,"column":1}},"line":26},"1":{"name":"(anonymous_1)","decl":{"start":{"line":35,"column":35},"end":{"line":35,"column":36}},"loc":{"start":{"line":35,"column":68},"end":{"line":37,"column":1}},"line":35}},"branchMap":{"0":{"loc":{"start":{"line":27,"column":2},"end":{"line":29,"column":3}},"type":"if","locations":[{"start":{"line":27,"column":2},"end":{"line":29,"column":3}},{"start":{},"end":{}}],"line":27}},"s":{"0":3,"1":3,"2":3,"3":3,"4":0,"5":0,"6":0,"7":0,"8":3,"9":0,"10":3,"11":3},"f":{"0":0,"1":0},"b":{"0":[0,0]},"_coverageSchema":"1a1c01bbd47fc00a2c39e90264f33305004495a9","hash":"9302335f0ac1d75da80d9402d206f54683e149b2"}
,"C:\\www\\Optimización de Proyectos con IA\\backend\\routes\\authRoutes.js": {"path":"C:\\www\\Optimización de Proyectos con IA\\backend\\routes\\authRoutes.js","statementMap":{"0":{"start":{"line":1,"column":16},"end":{"line":1,"column":34}},"1":{"start":{"line":2,"column":15},"end":{"line":2,"column":31}},"2":{"start":{"line":3,"column":35},"end":{"line":3,"column":75}},"3":{"start":{"line":5,"column":0},"end":{"line":5,"column":32}},"4":{"start":{"line":6,"column":0},"end":{"line":6,"column":31}},"5":{"start":{"line":8,"column":0},"end":{"line":8,"column":24}}},"fnMap":{},"branchMap":{},"s":{"0":2,"1":2,"2":2,"3":2,"4":2,"5":2},"f":{},"b":{},"_coverageSchema":"1a1c01bbd47fc00a2c39e90264f33305004495a9","hash":"e349522eb97a278e27ce9f04c6c5ebb8d56533f7"}
,"C:\\www\\Optimización de Proyectos con IA\\backend\\routes\\llmRoutes.js": {"path":"C:\\www\\Optimización de Proyectos con IA\\backend\\routes\\llmRoutes.js","statementMap":{"0":{"start":{"line":1,"column":16},"end":{"line":1,"column":34}},"1":{"start":{"line":2,"column":15},"end":{"line":2,"column":31}},"2":{"start":{"line":3,"column":30},"end":{"line":3,"column":76}},"3":{"start":{"line":5,"column":0},"end":{"line":5,"column":43}},"4":{"start":{"line":7,"column":0},"end":{"line":7,"column":24}}},"fnMap":{},"branchMap":{},"s":{"0":2,"1":2,"2":2,"3":2,"4":2},"f":{},"b":{},"_coverageSchema":"1a1c01bbd47fc00a2c39e90264f33305004495a9","hash":"44d17153e7d2f4669216180aa14ce8b410604300"}
,"C:\\www\\Optimización de Proyectos con IA\\backend\\routes\\optimizationRoutes.js": {"path":"C:\\www\\Optimización de Proyectos con IA\\backend\\routes\\optimizationRoutes.js","statementMap":{"0":{"start":{"line":1,"column":16},"end":{"line":1,"column":34}},"1":{"start":{"line":2,"column":15},"end":{"line":2,"column":31}},"2":{"start":{"line":3,"column":30},"end":{"line":3,"column":78}},"3":{"start":{"line":4,"column":20},"end":{"line":4,"column":59}},"4":{"start":{"line":6,"column":0},"end":{"line":6,"column":47}},"5":{"start":{"line":8,"column":0},"end":{"line":8,"column":24}}},"fnMap":{},"branchMap":{},"s":{"0":2,"1":2,"2":2,"3":2,"4":2,"5":2},"f":{},"b":{},"_coverageSchema":"1a1c01bbd47fc00a2c39e90264f33305004495a9","hash":"16227848478933590cd9befa2a47b0e66d248a27"}
,"C:\\www\\Optimización de Proyectos con IA\\backend\\routes\\projectRoutes.js": {"path":"C:\\www\\Optimización de Proyectos con IA\\backend\\routes\\projectRoutes.js","statementMap":{"0":{"start":{"line":1,"column":16},"end":{"line":1,"column":34}},"1":{"start":{"line":2,"column":15},"end":{"line":2,"column":31}},"2":{"start":{"line":9,"column":4},"end":{"line":9,"column":47}},"3":{"start":{"line":10,"column":20},"end":{"line":10,"column":59}},"4":{"start":{"line":12,"column":0},"end":{"line":12,"column":73}},"5":{"start":{"line":13,"column":0},"end":{"line":17,"column":34}},"6":{"start":{"line":19,"column":0},"end":{"line":19,"column":24}}},"fnMap":{},"branchMap":{},"s":{"0":2,"1":2,"2":2,"3":2,"4":2,"5":2,"6":2},"f":{},"b":{},"_coverageSchema":"1a1c01bbd47fc00a2c39e90264f33305004495a9","hash":"791833f7c3c5cbbae3ec68a6a638b00a12ddf0fb"}
,"C:\\www\\Optimización de Proyectos con IA\\backend\\services\\ai-providers.js": {"path":"C:\\www\\Optimización de Proyectos con IA\\backend\\services\\ai-providers.js","statementMap":{"0":{"start":{"line":4,"column":0},"end":{"line":12,"column":2}},"1":{"start":{"line":6,"column":4},"end":{"line":6,"column":89}},"2":{"start":{"line":7,"column":4},"end":{"line":10,"column":6}},"3":{"start":{"line":15,"column":0},"end":{"line":23,"column":2}},"4":{"start":{"line":17,"column":4},"end":{"line":17,"column":92}},"5":{"start":{"line":18,"column":4},"end":{"line":21,"column":6}},"6":{"start":{"line":26,"column":0},"end":{"line":34,"column":2}},"7":{"start":{"line":28,"column":4},"end":{"line":28,"column":92}},"8":{"start":{"line":29,"column":4},"end":{"line":32,"column":6}}},"fnMap":{"0":{"name":"(anonymous_0)","decl":{"start":{"line":5,"column":12},"end":{"line":5,"column":13}},"loc":{"start":{"line":5,"column":39},"end":{"line":11,"column":3}},"line":5},"1":{"name":"(anonymous_1)","decl":{"start":{"line":16,"column":12},"end":{"line":16,"column":13}},"loc":{"start":{"line":16,"column":39},"end":{"line":22,"column":3}},"line":16},"2":{"name":"(anonymous_2)","decl":{"start":{"line":27,"column":12},"end":{"line":27,"column":13}},"loc":{"start":{"line":27,"column":39},"end":{"line":33,"column":3}},"line":27}},"branchMap":{},"s":{"0":2,"1":0,"2":0,"3":2,"4":0,"5":0,"6":2,"7":0,"8":0},"f":{"0":0,"1":0,"2":0},"b":{},"_coverageSchema":"1a1c01bbd47fc00a2c39e90264f33305004495a9","hash":"f75feaf8ce55d1253032540c4d57481f808559c9"}
,"C:\\www\\Optimización de Proyectos con IA\\backend\\services\\optimizationService.js": {"path":"C:\\www\\Optimización de Proyectos con IA\\backend\\services\\optimizationService.js","statementMap":{"0":{"start":{"line":1,"column":30},"end":{"line":1,"column":76}},"1":{"start":{"line":3,"column":28},"end":{"line":100,"column":1}},"2":{"start":{"line":6,"column":4},"end":{"line":6,"column":81}},"3":{"start":{"line":11,"column":27},"end":{"line":17,"column":10}},"4":{"start":{"line":19,"column":4},"end":{"line":23,"column":6}},"5":{"start":{"line":28,"column":4},"end":{"line":28,"column":89}},"6":{"start":{"line":33,"column":28},"end":{"line":39,"column":10}},"7":{"start":{"line":41,"column":4},"end":{"line":45,"column":6}},"8":{"start":{"line":50,"column":4},"end":{"line":50,"column":97}},"9":{"start":{"line":55,"column":28},"end":{"line":61,"column":10}},"10":{"start":{"line":63,"column":4},"end":{"line":67,"column":6}},"11":{"start":{"line":72,"column":4},"end":{"line":72,"column":103}},"12":{"start":{"line":77,"column":28},"end":{"line":83,"column":10}},"13":{"start":{"line":85,"column":4},"end":{"line":89,"column":6}},"14":{"start":{"line":94,"column":21},"end":{"line":94,"column":70}},"15":{"start":{"line":95,"column":22},"end":{"line":95,"column":74}},"16":{"start":{"line":96,"column":22},"end":{"line":96,"column":74}},"17":{"start":{"line":97,"column":22},"end":{"line":97,"column":74}},"18":{"start":{"line":98,"column":4},"end":{"line":98,"column":21}},"19":{"start":{"line":102,"column":0},"end":{"line":102,"column":37}}},"fnMap":{"0":{"name":"(anonymous_0)","decl":{"start":{"line":5,"column":11},"end":{"line":5,"column":12}},"loc":{"start":{"line":5,"column":37},"end":{"line":24,"column":3}},"line":5},"1":{"name":"(anonymous_1)","decl":{"start":{"line":27,"column":12},"end":{"line":27,"column":13}},"loc":{"start":{"line":27,"column":46},"end":{"line":46,"column":3}},"line":27},"2":{"name":"(anonymous_2)","decl":{"start":{"line":49,"column":11},"end":{"line":49,"column":12}},"loc":{"start":{"line":49,"column":46},"end":{"line":68,"column":3}},"line":49},"3":{"name":"(anonymous_3)","decl":{"start":{"line":71,"column":11},"end":{"line":71,"column":12}},"loc":{"start":{"line":71,"column":52},"end":{"line":90,"column":3}},"line":71},"4":{"name":"(anonymous_4)","decl":{"start":{"line":93,"column":16},"end":{"line":93,"column":17}},"loc":{"start":{"line":93,"column":42},"end":{"line":99,"column":3}},"line":93}},"branchMap":{"0":{"loc":{"start":{"line":21,"column":16},"end":{"line":21,"column":109}},"type":"binary-expr","locations":[{"start":{"line":21,"column":16},"end":{"line":21,"column":50}},{"start":{"line":21,"column":54},"end":{"line":21,"column":109}}],"line":21},"1":{"loc":{"start":{"line":43,"column":17},"end":{"line":43,"column":139}},"type":"binary-expr","locations":[{"start":{"line":43,"column":17},"end":{"line":43,"column":52}},{"start":{"line":43,"column":56},"end":{"line":43,"column":139}}],"line":43},"2":{"loc":{"start":{"line":65,"column":23},"end":{"line":65,"column":127}},"type":"binary-expr","locations":[{"start":{"line":65,"column":23},"end":{"line":65,"column":58}},{"start":{"line":65,"column":62},"end":{"line":65,"column":127}}],"line":65},"3":{"loc":{"start":{"line":87,"column":21},"end":{"line":87,"column":124}},"type":"binary-expr","locations":[{"start":{"line":87,"column":21},"end":{"line":87,"column":56}},{"start":{"line":87,"column":60},"end":{"line":87,"column":124}}],"line":87}},"s":{"0":2,"1":2,"2":0,"3":0,"4":0,"5":0,"6":0,"7":0,"8":0,"9":0,"10":0,"11":0,"12":0,"13":0,"14":0,"15":0,"16":0,"17":0,"18":0,"19":2},"f":{"0":0,"1":0,"2":0,"3":0,"4":0},"b":{"0":[0,0],"1":[0,0],"2":[0,0],"3":[0,0]},"_coverageSchema":"1a1c01bbd47fc00a2c39e90264f33305004495a9","hash":"7d1d6eaff92cd485ff6baeac24b2b5d0bf3e2545"}
,"C:\\www\\Optimización de Proyectos con IA\\backend\\utils\\tokenHelper.js": {"path":"C:\\www\\Optimización de Proyectos con IA\\backend\\utils\\tokenHelper.js","statementMap":{"0":{"start":{"line":1,"column":12},"end":{"line":1,"column":35}},"1":{"start":{"line":3,"column":22},"end":{"line":7,"column":1}},"2":{"start":{"line":4,"column":2},"end":{"line":6,"column":5}},"3":{"start":{"line":9,"column":0},"end":{"line":9,"column":31}}},"fnMap":{"0":{"name":"(anonymous_0)","decl":{"start":{"line":3,"column":22},"end":{"line":3,"column":23}},"loc":{"start":{"line":3,"column":30},"end":{"line":7,"column":1}},"line":3}},"branchMap":{},"s":{"0":3,"1":3,"2":0,"3":3},"f":{"0":0},"b":{},"_coverageSchema":"1a1c01bbd47fc00a2c39e90264f33305004495a9","hash":"46a43ae26af3fafa6510adc5d972050b5f655b19"}
}
